<?xml version="1.0" encoding="UTF-8"?>
<!-- Generated by org.testng.reporters.JUnitXMLReporter -->
<testsuite ignored="0" hostname="SHUBHAM" failures="0" tests="3" name="One way business booking" time="578.43" errors="0" timestamp="2022-09-20T16:42:08 IST">
  <testcase classname="product.Flight.suite.Oneway.BookPersonalFlight" name="Sbt_flight_Search" time="171.866"/>
  <testcase classname="product.Flight.suite.Oneway.BookPersonalFlight" name="Sbt_flight_Search" time="177.521"/>
  <testcase classname="product.Flight.suite.Oneway.BookPersonalFlight" name="Sbt_flight_Search" time="227.038"/>
</testsuite> <!-- One way business booking -->
