<?xml version="1.0" encoding="UTF-8"?>
<!-- Generated by org.testng.reporters.JUnitXMLReporter -->
<testsuite ignored="0" hostname="ANKUR" failures="0" tests="5" name="Test" time="172.41" errors="0" timestamp="2024-01-09T18:47:54 IST">
  <testcase classname="SBT_Corporate.Reimbursement" name="Profiling1" time="29.878"/>
  <testcase classname="SBT_Corporate.Reimbursement" name="Profiling1" time="31.652"/>
  <testcase classname="SBT_Corporate.Reimbursement" name="Profiling1" time="36.822"/>
  <testcase classname="SBT_Corporate.Reimbursement" name="Profiling1" time="38.092"/>
  <testcase classname="SBT_Corporate.Reimbursement" name="Profiling1" time="32.948"/>
</testsuite> <!-- Test -->
