<?xml version="1.0" encoding="UTF-8"?>
<testng-results ignored="0" total="4" passed="2" failed="2" skipped="0">
  <reporter-output>
  </reporter-output>
  <suite started-at="2023-12-29T15:33:25 IST" name="Suite" finished-at="2023-12-29T15:49:24 IST" duration-ms="958653">
    <groups>
    </groups>
    <test started-at="2023-12-29T15:33:25 IST" name="Test" finished-at="2023-12-29T15:49:24 IST" duration-ms="958653">
      <class name="testFlightHotel.FlightBooking">
        <test-method signature="flightBooking(java.lang.String,java.lang.String,java.lang.String,java.lang.String,java.lang.String,java.lang.String,java.lang.String,java.lang.String,java.lang.String,java.lang.String,java.lang.String,java.lang.String,java.lang.String,java.lang.String,java.lang.String,java.lang.String,java.lang.String,java.lang.String,java.lang.String,java.lang.String,java.lang.String,java.lang.String,java.lang.String,java.lang.String,java.lang.String,java.lang.String,java.lang.String,java.lang.String,java.lang.String,java.lang.String,java.lang.String,java.lang.String,java.lang.String,java.lang.String,java.lang.String,java.lang.String,java.lang.String,java.lang.String,java.lang.String,java.lang.String,java.lang.String,java.lang.String,java.lang.String,java.lang.String,java.lang.String,java.lang.String,java.lang.String,java.lang.String,java.lang.String,java.lang.String,java.lang.String,java.lang.String,java.lang.String,java.lang.String,java.lang.String,java.lang.String,java.lang.String,java.lang.String,java.lang.String,java.lang.String,java.lang.String,java.lang.String,java.lang.String,java.lang.String,java.lang.String,java.lang.String,java.lang.String,java.lang.String,java.lang.String,java.lang.String,java.lang.String,java.lang.String,java.lang.String,java.lang.String)[pri:0, instance:testFlightHotel.FlightBooking@1b11171f]" started-at="2023-12-29T15:33:26 IST" name="flightBooking" data-provider="getexceldata" finished-at="2023-12-29T15:38:10 IST" duration-ms="284516" status="PASS">
          <params>
            <param index="0">
              <value>
                <![CDATA[Test on Flight 1]]>
              </value>
            </param>
            <param index="1">
              <value>
                <![CDATA[Flight domestic booking flow for Indigo  flight (One way - Individual) with 0 stop]]>
              </value>
            </param>
            <param index="2">
              <value>
                <![CDATA[Live]]>
              </value>
            </param>
            <param index="3">
              <value>
                <![CDATA[//test.quadlabs.net/backoffice/]]>
              </value>
            </param>
            <param index="4">
              <value>
                <![CDATA[at]]>
              </value>
            </param>
            <param index="5">
              <value>
                <![CDATA[Saurav_at]]>
              </value>
            </param>
            <param index="6">
              <value>
                <![CDATA[Quad@721]]>
              </value>
            </param>
            <param index="7">
              <value>
                <![CDATA[Amazon]]>
              </value>
            </param>
            <param index="8">
              <value>
                <![CDATA[Applied]]>
              </value>
            </param>
            <param index="9">
              <value>
                <![CDATA[3]]>
              </value>
            </param>
            <param index="10">
              <value>
                <![CDATA[Download Tripsource Application,Amazon Corp flight,WeekDay Flight]]>
              </value>
            </param>
            <param index="11">
              <value>
                <![CDATA[preprod117]]>
              </value>
            </param>
            <param index="12">
              <value>
                <![CDATA[test.quadlabs.net/sbt]]>
              </value>
            </param>
            <param index="13">
              <value>
                <![CDATA[Shubham]]>
              </value>
            </param>
            <param index="14">
              <value>
                <![CDATA[Administrator]]>
              </value>
            </param>
            <param index="15">
              <value>
                <![CDATA[Shubham]]>
              </value>
            </param>
            <param index="16">
              <value>
                <![CDATA[Shubham@123]]>
              </value>
            </param>
            <param index="17">
              <value>
                <![CDATA[Amazon]]>
              </value>
            </param>
            <param index="18">
              <value>
                <![CDATA[On]]>
              </value>
            </param>
            <param index="19">
              <value>
                <![CDATA[New]]>
              </value>
            </param>
            <param index="20">
              <value>
                <![CDATA[shubham.natkar@quadlabs.com]]>
              </value>
            </param>
            <param index="21">
              <value>
                <![CDATA[Individual]]>
              </value>
            </param>
            <param index="22">
              <value>
                <![CDATA[Domestic]]>
              </value>
            </param>
            <param index="23">
              <value>
                <![CDATA[OneWay]]>
              </value>
            </param>
            <param index="24">
              <value>
                <![CDATA[del]]>
              </value>
            </param>
            <param index="25">
              <value>
                <![CDATA[Delhi,India - Indira Gandhi Intl (DEL)]]>
              </value>
            </param>
            <param index="26">
              <value>
                <![CDATA[bom]]>
              </value>
            </param>
            <param index="27">
              <value>
                <![CDATA[Mumbai,India - Shivaji Terminal (BOM)]]>
              </value>
            </param>
            <param index="28">
              <value>
                <![CDATA[Business trip  - Without reason]]>
              </value>
            </param>
            <param index="29">
              <value>
                <![CDATA[23-Jan-2024]]>
              </value>
            </param>
            <param index="30">
              <value>
                <![CDATA[22-Dec-2023]]>
              </value>
            </param>
            <param index="31">
              <value>
                <![CDATA[NotApplied]]>
              </value>
            </param>
            <param index="32">
              <value>
                <![CDATA[3]]>
              </value>
            </param>
            <param index="33">
              <value>
                <![CDATA[Download Tripsource Application,Amazon Corp flight,WeekDay Flight]]>
              </value>
            </param>
            <param index="34">
              <value>
                <![CDATA[2]]>
              </value>
            </param>
            <param index="35">
              <value>
                <![CDATA[1]]>
              </value>
            </param>
            <param index="36">
              <value>
                <![CDATA[1]]>
              </value>
            </param>
            <param index="37">
              <value>
                <![CDATA[Indian Rupees]]>
              </value>
            </param>
            <param index="38">
              <value>
                <![CDATA[Economy]]>
              </value>
            </param>
            <param index="39">
              <value>
                <![CDATA[Null]]>
              </value>
            </param>
            <param index="40">
              <value>
                <![CDATA[0]]>
              </value>
            </param>
            <param index="41">
              <value>
                <![CDATA[Yes]]>
              </value>
            </param>
            <param index="42">
              <value>
                <![CDATA[Indigo]]>
              </value>
            </param>
            <param index="43">
              <value>
                <![CDATA[Indigo]]>
              </value>
            </param>
            <param index="44">
              <value>
                <![CDATA[SAVER]]>
              </value>
            </param>
            <param index="45">
              <value>
                <![CDATA[SAVER]]>
              </value>
            </param>
            <param index="46">
              <value>
                <![CDATA[1]]>
              </value>
            </param>
            <param index="47">
              <value>
                <![CDATA[1]]>
              </value>
            </param>
            <param index="48">
              <value>
                <![CDATA[1]]>
              </value>
            </param>
            <param index="49">
              <value>
                <![CDATA[Flight]]>
              </value>
            </param>
            <param index="50">
              <value>
                <![CDATA[bom]]>
              </value>
            </param>
            <param index="51">
              <value>
                <![CDATA[Mumbai, Maharashtra, India (BOM-Chhatrapati Shivaji Intl.)]]>
              </value>
            </param>
            <param index="52">
              <value>
                <![CDATA[23-Mar-2023]]>
              </value>
            </param>
            <param index="53">
              <value>
                <![CDATA[24-Mar-2023]]>
              </value>
            </param>
            <param index="54">
              <value>
                <![CDATA[78554432323]]>
              </value>
            </param>
            <param index="55">
              <value>
                <![CDATA[Ca]]>
              </value>
            </param>
            <param index="56">
              <value>
                <![CDATA[345678]]>
              </value>
            </param>
            <param index="57">
              <value>
                <![CDATA[Credit Card]]>
              </value>
            </param>
            <param index="58">
              <value>
                <![CDATA[Corporate]]>
              </value>
            </param>
            <param index="59">
              <value>
                <![CDATA[1]]>
              </value>
            </param>
            <param index="60">
              <value>
                <![CDATA[Amazon]]>
              </value>
            </param>
            <param index="61">
              <value>
                <![CDATA[Visa]]>
              </value>
            </param>
            <param index="62">
              <value>
                <![CDATA[123]]>
              </value>
            </param>
            <param index="63">
              <value>
                <![CDATA[Addtocart]]>
              </value>
            </param>
            <param index="64">
              <value>
                <![CDATA[Test]]>
              </value>
            </param>
            <param index="65">
              <value>
                <![CDATA[NotApplied]]>
              </value>
            </param>
            <param index="66">
              <value>
                <![CDATA[1]]>
              </value>
            </param>
            <param index="67">
              <value>
                <![CDATA[Airline For flight]]>
              </value>
            </param>
            <param index="68">
              <value>
                <![CDATA[Fullfillment]]>
              </value>
            </param>
            <param index="69">
              <value>
                <![CDATA[No]]>
              </value>
            </param>
            <param index="70">
              <value>
                <![CDATA[21B,9E,6E,12E]]>
              </value>
            </param>
            <param index="71">
              <value>
                <![CDATA[6A,25B,2E,12E]]>
              </value>
            </param>
            <param index="72">
              <value>
                <![CDATA[IN Policy all ]]>
              </value>
            </param>
            <param index="73">
              <value>
                <![CDATA[Shubham Natkar]]>
              </value>
            </param>
          </params>
          <reporter-output>
          </reporter-output>
        </test-method> <!-- flightBooking -->
        <test-method signature="flightBooking(java.lang.String,java.lang.String,java.lang.String,java.lang.String,java.lang.String,java.lang.String,java.lang.String,java.lang.String,java.lang.String,java.lang.String,java.lang.String,java.lang.String,java.lang.String,java.lang.String,java.lang.String,java.lang.String,java.lang.String,java.lang.String,java.lang.String,java.lang.String,java.lang.String,java.lang.String,java.lang.String,java.lang.String,java.lang.String,java.lang.String,java.lang.String,java.lang.String,java.lang.String,java.lang.String,java.lang.String,java.lang.String,java.lang.String,java.lang.String,java.lang.String,java.lang.String,java.lang.String,java.lang.String,java.lang.String,java.lang.String,java.lang.String,java.lang.String,java.lang.String,java.lang.String,java.lang.String,java.lang.String,java.lang.String,java.lang.String,java.lang.String,java.lang.String,java.lang.String,java.lang.String,java.lang.String,java.lang.String,java.lang.String,java.lang.String,java.lang.String,java.lang.String,java.lang.String,java.lang.String,java.lang.String,java.lang.String,java.lang.String,java.lang.String,java.lang.String,java.lang.String,java.lang.String,java.lang.String,java.lang.String,java.lang.String,java.lang.String,java.lang.String,java.lang.String,java.lang.String)[pri:0, instance:testFlightHotel.FlightBooking@1b11171f]" started-at="2023-12-29T15:38:11 IST" name="flightBooking" data-provider="getexceldata" finished-at="2023-12-29T15:42:46 IST" duration-ms="275325" status="PASS">
          <params>
            <param index="0">
              <value>
                <![CDATA[Test on Flight 2]]>
              </value>
            </param>
            <param index="1">
              <value>
                <![CDATA[Flight domestic booking flow for Indigo  flight (One way - Individual) with 1 stop]]>
              </value>
            </param>
            <param index="2">
              <value>
                <![CDATA[Live]]>
              </value>
            </param>
            <param index="3">
              <value>
                <![CDATA[//test.quadlabs.net/backoffice/]]>
              </value>
            </param>
            <param index="4">
              <value>
                <![CDATA[at]]>
              </value>
            </param>
            <param index="5">
              <value>
                <![CDATA[Saurav_at]]>
              </value>
            </param>
            <param index="6">
              <value>
                <![CDATA[Quad@721]]>
              </value>
            </param>
            <param index="7">
              <value>
                <![CDATA[Amazon]]>
              </value>
            </param>
            <param index="8">
              <value>
                <![CDATA[Applied]]>
              </value>
            </param>
            <param index="9">
              <value>
                <![CDATA[3]]>
              </value>
            </param>
            <param index="10">
              <value>
                <![CDATA[Download Tripsource Application,Amazon Corp flight,WeekDay Flight]]>
              </value>
            </param>
            <param index="11">
              <value>
                <![CDATA[preprod117]]>
              </value>
            </param>
            <param index="12">
              <value>
                <![CDATA[test.quadlabs.net/sbt]]>
              </value>
            </param>
            <param index="13">
              <value>
                <![CDATA[Shubham]]>
              </value>
            </param>
            <param index="14">
              <value>
                <![CDATA[Administrator]]>
              </value>
            </param>
            <param index="15">
              <value>
                <![CDATA[Shubham]]>
              </value>
            </param>
            <param index="16">
              <value>
                <![CDATA[Shubham@123]]>
              </value>
            </param>
            <param index="17">
              <value>
                <![CDATA[Amazon]]>
              </value>
            </param>
            <param index="18">
              <value>
                <![CDATA[On]]>
              </value>
            </param>
            <param index="19">
              <value>
                <![CDATA[New]]>
              </value>
            </param>
            <param index="20">
              <value>
                <![CDATA[shubham.natkar@quadlabs.com]]>
              </value>
            </param>
            <param index="21">
              <value>
                <![CDATA[Individual]]>
              </value>
            </param>
            <param index="22">
              <value>
                <![CDATA[Domestic]]>
              </value>
            </param>
            <param index="23">
              <value>
                <![CDATA[OneWay]]>
              </value>
            </param>
            <param index="24">
              <value>
                <![CDATA[del]]>
              </value>
            </param>
            <param index="25">
              <value>
                <![CDATA[Delhi,India - Indira Gandhi Intl (DEL)]]>
              </value>
            </param>
            <param index="26">
              <value>
                <![CDATA[blr]]>
              </value>
            </param>
            <param index="27">
              <value>
                <![CDATA[Bangalore,India - Kempegowda International Airport (BLR)]]>
              </value>
            </param>
            <param index="28">
              <value>
                <![CDATA[Business trip  - Without reason]]>
              </value>
            </param>
            <param index="29">
              <value>
                <![CDATA[29-Jan-2024]]>
              </value>
            </param>
            <param index="30">
              <value>
                <![CDATA[22-Dec-2023]]>
              </value>
            </param>
            <param index="31">
              <value>
                <![CDATA[NotApplied]]>
              </value>
            </param>
            <param index="32">
              <value>
                <![CDATA[3]]>
              </value>
            </param>
            <param index="33">
              <value>
                <![CDATA[Download Tripsource Application,Amazon Corp flight,WeekDay Flight]]>
              </value>
            </param>
            <param index="34">
              <value>
                <![CDATA[2]]>
              </value>
            </param>
            <param index="35">
              <value>
                <![CDATA[1]]>
              </value>
            </param>
            <param index="36">
              <value>
                <![CDATA[1]]>
              </value>
            </param>
            <param index="37">
              <value>
                <![CDATA[Indian Rupees]]>
              </value>
            </param>
            <param index="38">
              <value>
                <![CDATA[Economy]]>
              </value>
            </param>
            <param index="39">
              <value>
                <![CDATA[Null]]>
              </value>
            </param>
            <param index="40">
              <value>
                <![CDATA[1]]>
              </value>
            </param>
            <param index="41">
              <value>
                <![CDATA[Yes]]>
              </value>
            </param>
            <param index="42">
              <value>
                <![CDATA[Indigo]]>
              </value>
            </param>
            <param index="43">
              <value>
                <![CDATA[Indigo]]>
              </value>
            </param>
            <param index="44">
              <value>
                <![CDATA[SAVER]]>
              </value>
            </param>
            <param index="45">
              <value>
                <![CDATA[SAVER]]>
              </value>
            </param>
            <param index="46">
              <value>
                <![CDATA[1]]>
              </value>
            </param>
            <param index="47">
              <value>
                <![CDATA[1]]>
              </value>
            </param>
            <param index="48">
              <value>
                <![CDATA[1]]>
              </value>
            </param>
            <param index="49">
              <value>
                <![CDATA[Flight]]>
              </value>
            </param>
            <param index="50">
              <value>
                <![CDATA[bom]]>
              </value>
            </param>
            <param index="51">
              <value>
                <![CDATA[Mumbai, Maharashtra, India (BOM-Chhatrapati Shivaji Intl.)]]>
              </value>
            </param>
            <param index="52">
              <value>
                <![CDATA[23-Mar-2023]]>
              </value>
            </param>
            <param index="53">
              <value>
                <![CDATA[24-Mar-2023]]>
              </value>
            </param>
            <param index="54">
              <value>
                <![CDATA[78554432323]]>
              </value>
            </param>
            <param index="55">
              <value>
                <![CDATA[Ca]]>
              </value>
            </param>
            <param index="56">
              <value>
                <![CDATA[345678]]>
              </value>
            </param>
            <param index="57">
              <value>
                <![CDATA[Credit Card]]>
              </value>
            </param>
            <param index="58">
              <value>
                <![CDATA[Corporate]]>
              </value>
            </param>
            <param index="59">
              <value>
                <![CDATA[1]]>
              </value>
            </param>
            <param index="60">
              <value>
                <![CDATA[Amazon]]>
              </value>
            </param>
            <param index="61">
              <value>
                <![CDATA[Visa]]>
              </value>
            </param>
            <param index="62">
              <value>
                <![CDATA[123]]>
              </value>
            </param>
            <param index="63">
              <value>
                <![CDATA[Addtocart]]>
              </value>
            </param>
            <param index="64">
              <value>
                <![CDATA[Test]]>
              </value>
            </param>
            <param index="65">
              <value>
                <![CDATA[NotApplied]]>
              </value>
            </param>
            <param index="66">
              <value>
                <![CDATA[1]]>
              </value>
            </param>
            <param index="67">
              <value>
                <![CDATA[Airline For flight]]>
              </value>
            </param>
            <param index="68">
              <value>
                <![CDATA[Fullfillment]]>
              </value>
            </param>
            <param index="69">
              <value>
                <![CDATA[No]]>
              </value>
            </param>
            <param index="70">
              <value>
                <![CDATA[21B,9E,6E,12E]]>
              </value>
            </param>
            <param index="71">
              <value>
                <![CDATA[6A,25B,2E,12E]]>
              </value>
            </param>
            <param index="72">
              <value>
                <![CDATA[IN Policy all ]]>
              </value>
            </param>
            <param index="73">
              <value>
                <![CDATA[Shubham Natkar]]>
              </value>
            </param>
          </params>
          <reporter-output>
          </reporter-output>
        </test-method> <!-- flightBooking -->
        <test-method signature="flightBooking(java.lang.String,java.lang.String,java.lang.String,java.lang.String,java.lang.String,java.lang.String,java.lang.String,java.lang.String,java.lang.String,java.lang.String,java.lang.String,java.lang.String,java.lang.String,java.lang.String,java.lang.String,java.lang.String,java.lang.String,java.lang.String,java.lang.String,java.lang.String,java.lang.String,java.lang.String,java.lang.String,java.lang.String,java.lang.String,java.lang.String,java.lang.String,java.lang.String,java.lang.String,java.lang.String,java.lang.String,java.lang.String,java.lang.String,java.lang.String,java.lang.String,java.lang.String,java.lang.String,java.lang.String,java.lang.String,java.lang.String,java.lang.String,java.lang.String,java.lang.String,java.lang.String,java.lang.String,java.lang.String,java.lang.String,java.lang.String,java.lang.String,java.lang.String,java.lang.String,java.lang.String,java.lang.String,java.lang.String,java.lang.String,java.lang.String,java.lang.String,java.lang.String,java.lang.String,java.lang.String,java.lang.String,java.lang.String,java.lang.String,java.lang.String,java.lang.String,java.lang.String,java.lang.String,java.lang.String,java.lang.String,java.lang.String,java.lang.String,java.lang.String,java.lang.String,java.lang.String)[pri:0, instance:testFlightHotel.FlightBooking@1b11171f]" started-at="2023-12-29T15:42:47 IST" name="flightBooking" data-provider="getexceldata" finished-at="2023-12-29T15:46:14 IST" duration-ms="207883" status="FAIL">
          <params>
            <param index="0">
              <value>
                <![CDATA[Test on Flight 3]]>
              </value>
            </param>
            <param index="1">
              <value>
                <![CDATA[Flight domestic booking flow for Indigo  flight (One way - Individual) with 0 stop]]>
              </value>
            </param>
            <param index="2">
              <value>
                <![CDATA[Live]]>
              </value>
            </param>
            <param index="3">
              <value>
                <![CDATA[//test.quadlabs.net/backoffice/]]>
              </value>
            </param>
            <param index="4">
              <value>
                <![CDATA[at]]>
              </value>
            </param>
            <param index="5">
              <value>
                <![CDATA[Saurav_at]]>
              </value>
            </param>
            <param index="6">
              <value>
                <![CDATA[Quad@721]]>
              </value>
            </param>
            <param index="7">
              <value>
                <![CDATA[Amazon]]>
              </value>
            </param>
            <param index="8">
              <value>
                <![CDATA[Applied]]>
              </value>
            </param>
            <param index="9">
              <value>
                <![CDATA[3]]>
              </value>
            </param>
            <param index="10">
              <value>
                <![CDATA[Download Tripsource Application,Amazon Corp flight,WeekDay Flight]]>
              </value>
            </param>
            <param index="11">
              <value>
                <![CDATA[preprod117]]>
              </value>
            </param>
            <param index="12">
              <value>
                <![CDATA[test.quadlabs.net/sbt]]>
              </value>
            </param>
            <param index="13">
              <value>
                <![CDATA[Shubham]]>
              </value>
            </param>
            <param index="14">
              <value>
                <![CDATA[Administrator]]>
              </value>
            </param>
            <param index="15">
              <value>
                <![CDATA[Shubham]]>
              </value>
            </param>
            <param index="16">
              <value>
                <![CDATA[Shubham@123]]>
              </value>
            </param>
            <param index="17">
              <value>
                <![CDATA[Amazon]]>
              </value>
            </param>
            <param index="18">
              <value>
                <![CDATA[On]]>
              </value>
            </param>
            <param index="19">
              <value>
                <![CDATA[New]]>
              </value>
            </param>
            <param index="20">
              <value>
                <![CDATA[shubham.natkar@quadlabs.com]]>
              </value>
            </param>
            <param index="21">
              <value>
                <![CDATA[Individual]]>
              </value>
            </param>
            <param index="22">
              <value>
                <![CDATA[Domestic]]>
              </value>
            </param>
            <param index="23">
              <value>
                <![CDATA[RoundTrip]]>
              </value>
            </param>
            <param index="24">
              <value>
                <![CDATA[del]]>
              </value>
            </param>
            <param index="25">
              <value>
                <![CDATA[Delhi,India - Indira Gandhi Intl (DEL)]]>
              </value>
            </param>
            <param index="26">
              <value>
                <![CDATA[bom]]>
              </value>
            </param>
            <param index="27">
              <value>
                <![CDATA[Mumbai,India - Shivaji Terminal (BOM)]]>
              </value>
            </param>
            <param index="28">
              <value>
                <![CDATA[Business trip  - Without reason]]>
              </value>
            </param>
            <param index="29">
              <value>
                <![CDATA[15-Jan-2024]]>
              </value>
            </param>
            <param index="30">
              <value>
                <![CDATA[17-Jan-2024]]>
              </value>
            </param>
            <param index="31">
              <value>
                <![CDATA[NotApplied]]>
              </value>
            </param>
            <param index="32">
              <value>
                <![CDATA[3]]>
              </value>
            </param>
            <param index="33">
              <value>
                <![CDATA[Download Tripsource Application,Amazon Corp flight,WeekDay Flight]]>
              </value>
            </param>
            <param index="34">
              <value>
                <![CDATA[2]]>
              </value>
            </param>
            <param index="35">
              <value>
                <![CDATA[1]]>
              </value>
            </param>
            <param index="36">
              <value>
                <![CDATA[1]]>
              </value>
            </param>
            <param index="37">
              <value>
                <![CDATA[Indian Rupees]]>
              </value>
            </param>
            <param index="38">
              <value>
                <![CDATA[Economy]]>
              </value>
            </param>
            <param index="39">
              <value>
                <![CDATA[Null]]>
              </value>
            </param>
            <param index="40">
              <value>
                <![CDATA[0]]>
              </value>
            </param>
            <param index="41">
              <value>
                <![CDATA[Yes]]>
              </value>
            </param>
            <param index="42">
              <value>
                <![CDATA[Indigo]]>
              </value>
            </param>
            <param index="43">
              <value>
                <![CDATA[Indigo]]>
              </value>
            </param>
            <param index="44">
              <value>
                <![CDATA[SAVER]]>
              </value>
            </param>
            <param index="45">
              <value>
                <![CDATA[SAVER]]>
              </value>
            </param>
            <param index="46">
              <value>
                <![CDATA[1]]>
              </value>
            </param>
            <param index="47">
              <value>
                <![CDATA[1]]>
              </value>
            </param>
            <param index="48">
              <value>
                <![CDATA[1]]>
              </value>
            </param>
            <param index="49">
              <value>
                <![CDATA[Flight]]>
              </value>
            </param>
            <param index="50">
              <value>
                <![CDATA[bom]]>
              </value>
            </param>
            <param index="51">
              <value>
                <![CDATA[Mumbai, Maharashtra, India (BOM-Chhatrapati Shivaji Intl.)]]>
              </value>
            </param>
            <param index="52">
              <value>
                <![CDATA[23-Mar-2023]]>
              </value>
            </param>
            <param index="53">
              <value>
                <![CDATA[24-Mar-2023]]>
              </value>
            </param>
            <param index="54">
              <value>
                <![CDATA[78554432323]]>
              </value>
            </param>
            <param index="55">
              <value>
                <![CDATA[Ca]]>
              </value>
            </param>
            <param index="56">
              <value>
                <![CDATA[345678]]>
              </value>
            </param>
            <param index="57">
              <value>
                <![CDATA[Credit Card]]>
              </value>
            </param>
            <param index="58">
              <value>
                <![CDATA[Corporate]]>
              </value>
            </param>
            <param index="59">
              <value>
                <![CDATA[1]]>
              </value>
            </param>
            <param index="60">
              <value>
                <![CDATA[Amazon]]>
              </value>
            </param>
            <param index="61">
              <value>
                <![CDATA[Visa]]>
              </value>
            </param>
            <param index="62">
              <value>
                <![CDATA[123]]>
              </value>
            </param>
            <param index="63">
              <value>
                <![CDATA[Addtocart]]>
              </value>
            </param>
            <param index="64">
              <value>
                <![CDATA[Test]]>
              </value>
            </param>
            <param index="65">
              <value>
                <![CDATA[NotApplied]]>
              </value>
            </param>
            <param index="66">
              <value>
                <![CDATA[1]]>
              </value>
            </param>
            <param index="67">
              <value>
                <![CDATA[Airline For flight]]>
              </value>
            </param>
            <param index="68">
              <value>
                <![CDATA[Fullfillment]]>
              </value>
            </param>
            <param index="69">
              <value>
                <![CDATA[No]]>
              </value>
            </param>
            <param index="70">
              <value>
                <![CDATA[21B,9E,6E,12E]]>
              </value>
            </param>
            <param index="71">
              <value>
                <![CDATA[6A,25B,2E,12E]]>
              </value>
            </param>
            <param index="72">
              <value>
                <![CDATA[IN Policy all ]]>
              </value>
            </param>
            <param index="73">
              <value>
                <![CDATA[Shubham Natkar]]>
              </value>
            </param>
          </params>
          <exception class="org.openqa.selenium.UnhandledAlertException">
            <message>
              <![CDATA[unexpected alert open: {Alert text : Out of Policy indicates that your selection might have deviated from Policy. If you chose to proceed, itinerary will be documented with the respective Out of policy information.}
  (Session info: chrome=120.0.6099.130): Out of Policy indicates that your selection might have deviated from Policy. If you chose to proceed, itinerary will be documented with the respective Out of policy information.
Build info: version: '4.1.4', revision: '535d840ee2'
System info: host: 'SHUBHAM', ip: '192.168.111.145', os.name: 'Windows 10', os.arch: 'amd64', os.version: '10.0', java.version: '17.0.1'
Driver info: org.openqa.selenium.chrome.ChromeDriver
Command: [296c7e8e9d4c873aaf9f61247a1a64b9, findElement {using=xpath, value=//div[@id='FlightQuotationModal']/div/div/div[3]/button}]
Capabilities {acceptInsecureCerts: false, browserName: chrome, browserVersion: 120.0.6099.130, chrome: {chromedriverVersion: 119.0.6045.105 (38c72552c5e..., userDataDir: C:\Users\SHUBHA~1.NAT\AppDa...}, fedcm:accounts: true, goog:chromeOptions: {debuggerAddress: localhost:55466}, javascriptEnabled: true, networkConnectionEnabled: false, pageLoadStrategy: normal, platform: WINDOWS, platformName: WINDOWS, proxy: Proxy(), se:cdp: ws://localhost:55466/devtoo..., se:cdpVersion: 120.0.6099.130, setWindowRect: true, strictFileInteractability: false, timeouts: {implicit: 0, pageLoad: 300000, script: 30000}, unhandledPromptBehavior: dismiss and notify, webauthn:extension:credBlob: true, webauthn:extension:largeBlob: true, webauthn:extension:minPinLength: true, webauthn:extension:prf: true, webauthn:virtualAuthenticators: true}
Session ID: 296c7e8e9d4c873aaf9f61247a1a64b9]]>
            </message>
            <full-stacktrace>
              <![CDATA[org.openqa.selenium.UnhandledAlertException: unexpected alert open: {Alert text : Out of Policy indicates that your selection might have deviated from Policy. If you chose to proceed, itinerary will be documented with the respective Out of policy information.}
  (Session info: chrome=120.0.6099.130): Out of Policy indicates that your selection might have deviated from Policy. If you chose to proceed, itinerary will be documented with the respective Out of policy information.
Build info: version: '4.1.4', revision: '535d840ee2'
System info: host: 'SHUBHAM', ip: '192.168.111.145', os.name: 'Windows 10', os.arch: 'amd64', os.version: '10.0', java.version: '17.0.1'
Driver info: org.openqa.selenium.chrome.ChromeDriver
Command: [296c7e8e9d4c873aaf9f61247a1a64b9, findElement {using=xpath, value=//div[@id='FlightQuotationModal']/div/div/div[3]/button}]
Capabilities {acceptInsecureCerts: false, browserName: chrome, browserVersion: 120.0.6099.130, chrome: {chromedriverVersion: 119.0.6045.105 (38c72552c5e..., userDataDir: C:\Users\SHUBHA~1.NAT\AppDa...}, fedcm:accounts: true, goog:chromeOptions: {debuggerAddress: localhost:55466}, javascriptEnabled: true, networkConnectionEnabled: false, pageLoadStrategy: normal, platform: WINDOWS, platformName: WINDOWS, proxy: Proxy(), se:cdp: ws://localhost:55466/devtoo..., se:cdpVersion: 120.0.6099.130, setWindowRect: true, strictFileInteractability: false, timeouts: {implicit: 0, pageLoad: 300000, script: 30000}, unhandledPromptBehavior: dismiss and notify, webauthn:extension:credBlob: true, webauthn:extension:largeBlob: true, webauthn:extension:minPinLength: true, webauthn:extension:prf: true, webauthn:virtualAuthenticators: true}
Session ID: 296c7e8e9d4c873aaf9f61247a1a64b9
at org.openqa.selenium.remote.codec.w3c.W3CHttpResponseCodec.decode(W3CHttpResponseCodec.java:131)
at org.openqa.selenium.remote.codec.w3c.W3CHttpResponseCodec.decode(W3CHttpResponseCodec.java:53)
at org.openqa.selenium.remote.HttpCommandExecutor.execute(HttpCommandExecutor.java:184)
at org.openqa.selenium.remote.service.DriverCommandExecutor.invokeExecute(DriverCommandExecutor.java:167)
at org.openqa.selenium.remote.service.DriverCommandExecutor.execute(DriverCommandExecutor.java:142)
at org.openqa.selenium.remote.RemoteWebDriver.execute(RemoteWebDriver.java:567)
at org.openqa.selenium.remote.ElementLocation$ElementFinder$2.findElement(ElementLocation.java:162)
at org.openqa.selenium.remote.ElementLocation.findElement(ElementLocation.java:60)
at org.openqa.selenium.remote.RemoteWebDriver.findElement(RemoteWebDriver.java:385)
at org.openqa.selenium.remote.RemoteWebDriver.findElement(RemoteWebDriver.java:377)
at utilities.QaRobot.getLocator(QaRobot.java:71)
at utilities.QaRobot.getWebElement(QaRobot.java:153)
at utilities.QaRobot.ClickOnElement(QaRobot.java:175)
at testFlightHotel.FlightBooking.flightBooking(FlightBooking.java:1331)
at java.base/jdk.internal.reflect.NativeMethodAccessorImpl.invoke0(Native Method)
at java.base/jdk.internal.reflect.NativeMethodAccessorImpl.invoke(NativeMethodAccessorImpl.java:77)
at java.base/jdk.internal.reflect.DelegatingMethodAccessorImpl.invoke(DelegatingMethodAccessorImpl.java:43)
at java.base/java.lang.reflect.Method.invoke(Method.java:568)
at org.testng.internal.MethodInvocationHelper.invokeMethod(MethodInvocationHelper.java:133)
at org.testng.internal.TestInvoker.invokeMethod(TestInvoker.java:598)
at org.testng.internal.TestInvoker.invokeTestMethod(TestInvoker.java:173)
at org.testng.internal.MethodRunner.runInSequence(MethodRunner.java:46)
at org.testng.internal.TestInvoker$MethodInvocationAgent.invoke(TestInvoker.java:824)
at org.testng.internal.TestInvoker.invokeTestMethods(TestInvoker.java:146)
at org.testng.internal.TestMethodWorker.invokeTestMethods(TestMethodWorker.java:146)
at org.testng.internal.TestMethodWorker.run(TestMethodWorker.java:128)
at java.base/java.util.ArrayList.forEach(ArrayList.java:1511)
at org.testng.TestRunner.privateRun(TestRunner.java:794)
at org.testng.TestRunner.run(TestRunner.java:596)
at org.testng.SuiteRunner.runTest(SuiteRunner.java:377)
at org.testng.SuiteRunner.runSequentially(SuiteRunner.java:371)
at org.testng.SuiteRunner.privateRun(SuiteRunner.java:332)
at org.testng.SuiteRunner.run(SuiteRunner.java:276)
at org.testng.SuiteRunnerWorker.runSuite(SuiteRunnerWorker.java:53)
at org.testng.SuiteRunnerWorker.run(SuiteRunnerWorker.java:96)
at org.testng.TestNG.runSuitesSequentially(TestNG.java:1212)
at org.testng.TestNG.runSuitesLocally(TestNG.java:1134)
at org.testng.TestNG.runSuites(TestNG.java:1063)
at org.testng.TestNG.run(TestNG.java:1031)
at org.testng.remote.AbstractRemoteTestNG.run(AbstractRemoteTestNG.java:115)
at org.testng.remote.RemoteTestNG.initAndRun(RemoteTestNG.java:251)
at org.testng.remote.RemoteTestNG.main(RemoteTestNG.java:77)
]]>
            </full-stacktrace>
          </exception> <!-- org.openqa.selenium.UnhandledAlertException -->
          <reporter-output>
          </reporter-output>
        </test-method> <!-- flightBooking -->
        <test-method signature="flightBooking(java.lang.String,java.lang.String,java.lang.String,java.lang.String,java.lang.String,java.lang.String,java.lang.String,java.lang.String,java.lang.String,java.lang.String,java.lang.String,java.lang.String,java.lang.String,java.lang.String,java.lang.String,java.lang.String,java.lang.String,java.lang.String,java.lang.String,java.lang.String,java.lang.String,java.lang.String,java.lang.String,java.lang.String,java.lang.String,java.lang.String,java.lang.String,java.lang.String,java.lang.String,java.lang.String,java.lang.String,java.lang.String,java.lang.String,java.lang.String,java.lang.String,java.lang.String,java.lang.String,java.lang.String,java.lang.String,java.lang.String,java.lang.String,java.lang.String,java.lang.String,java.lang.String,java.lang.String,java.lang.String,java.lang.String,java.lang.String,java.lang.String,java.lang.String,java.lang.String,java.lang.String,java.lang.String,java.lang.String,java.lang.String,java.lang.String,java.lang.String,java.lang.String,java.lang.String,java.lang.String,java.lang.String,java.lang.String,java.lang.String,java.lang.String,java.lang.String,java.lang.String,java.lang.String,java.lang.String,java.lang.String,java.lang.String,java.lang.String,java.lang.String,java.lang.String,java.lang.String)[pri:0, instance:testFlightHotel.FlightBooking@1b11171f]" started-at="2023-12-29T15:46:15 IST" name="flightBooking" data-provider="getexceldata" finished-at="2023-12-29T15:49:23 IST" duration-ms="187695" status="FAIL">
          <params>
            <param index="0">
              <value>
                <![CDATA[Test on Flight 4]]>
              </value>
            </param>
            <param index="1">
              <value>
                <![CDATA[Flight domestic booking flow for Indigo  flight (One way - Individual) with 1 stop]]>
              </value>
            </param>
            <param index="2">
              <value>
                <![CDATA[Live]]>
              </value>
            </param>
            <param index="3">
              <value>
                <![CDATA[//test.quadlabs.net/backoffice/]]>
              </value>
            </param>
            <param index="4">
              <value>
                <![CDATA[at]]>
              </value>
            </param>
            <param index="5">
              <value>
                <![CDATA[Saurav_at]]>
              </value>
            </param>
            <param index="6">
              <value>
                <![CDATA[Quad@721]]>
              </value>
            </param>
            <param index="7">
              <value>
                <![CDATA[Amazon]]>
              </value>
            </param>
            <param index="8">
              <value>
                <![CDATA[Applied]]>
              </value>
            </param>
            <param index="9">
              <value>
                <![CDATA[3]]>
              </value>
            </param>
            <param index="10">
              <value>
                <![CDATA[Download Tripsource Application,Amazon Corp flight,WeekDay Flight]]>
              </value>
            </param>
            <param index="11">
              <value>
                <![CDATA[preprod117]]>
              </value>
            </param>
            <param index="12">
              <value>
                <![CDATA[test.quadlabs.net/sbt]]>
              </value>
            </param>
            <param index="13">
              <value>
                <![CDATA[Shubham]]>
              </value>
            </param>
            <param index="14">
              <value>
                <![CDATA[Administrator]]>
              </value>
            </param>
            <param index="15">
              <value>
                <![CDATA[Shubham]]>
              </value>
            </param>
            <param index="16">
              <value>
                <![CDATA[Shubham@123]]>
              </value>
            </param>
            <param index="17">
              <value>
                <![CDATA[Amazon]]>
              </value>
            </param>
            <param index="18">
              <value>
                <![CDATA[On]]>
              </value>
            </param>
            <param index="19">
              <value>
                <![CDATA[New]]>
              </value>
            </param>
            <param index="20">
              <value>
                <![CDATA[shubham.natkar@quadlabs.com]]>
              </value>
            </param>
            <param index="21">
              <value>
                <![CDATA[Individual]]>
              </value>
            </param>
            <param index="22">
              <value>
                <![CDATA[Domestic]]>
              </value>
            </param>
            <param index="23">
              <value>
                <![CDATA[RoundTrip]]>
              </value>
            </param>
            <param index="24">
              <value>
                <![CDATA[del]]>
              </value>
            </param>
            <param index="25">
              <value>
                <![CDATA[Delhi,India - Indira Gandhi Intl (DEL)]]>
              </value>
            </param>
            <param index="26">
              <value>
                <![CDATA[blr]]>
              </value>
            </param>
            <param index="27">
              <value>
                <![CDATA[Bangalore,India - Kempegowda International Airport (BLR)]]>
              </value>
            </param>
            <param index="28">
              <value>
                <![CDATA[Business trip  - Without reason]]>
              </value>
            </param>
            <param index="29">
              <value>
                <![CDATA[22-Jan-2024]]>
              </value>
            </param>
            <param index="30">
              <value>
                <![CDATA[25-Jan-2024]]>
              </value>
            </param>
            <param index="31">
              <value>
                <![CDATA[NotApplied]]>
              </value>
            </param>
            <param index="32">
              <value>
                <![CDATA[3]]>
              </value>
            </param>
            <param index="33">
              <value>
                <![CDATA[Download Tripsource Application,Amazon Corp flight,WeekDay Flight]]>
              </value>
            </param>
            <param index="34">
              <value>
                <![CDATA[2]]>
              </value>
            </param>
            <param index="35">
              <value>
                <![CDATA[1]]>
              </value>
            </param>
            <param index="36">
              <value>
                <![CDATA[1]]>
              </value>
            </param>
            <param index="37">
              <value>
                <![CDATA[Indian Rupees]]>
              </value>
            </param>
            <param index="38">
              <value>
                <![CDATA[Economy]]>
              </value>
            </param>
            <param index="39">
              <value>
                <![CDATA[Null]]>
              </value>
            </param>
            <param index="40">
              <value>
                <![CDATA[1]]>
              </value>
            </param>
            <param index="41">
              <value>
                <![CDATA[Yes]]>
              </value>
            </param>
            <param index="42">
              <value>
                <![CDATA[Indigo]]>
              </value>
            </param>
            <param index="43">
              <value>
                <![CDATA[Indigo]]>
              </value>
            </param>
            <param index="44">
              <value>
                <![CDATA[SAVER]]>
              </value>
            </param>
            <param index="45">
              <value>
                <![CDATA[SAVER]]>
              </value>
            </param>
            <param index="46">
              <value>
                <![CDATA[1]]>
              </value>
            </param>
            <param index="47">
              <value>
                <![CDATA[1]]>
              </value>
            </param>
            <param index="48">
              <value>
                <![CDATA[1]]>
              </value>
            </param>
            <param index="49">
              <value>
                <![CDATA[Flight]]>
              </value>
            </param>
            <param index="50">
              <value>
                <![CDATA[bom]]>
              </value>
            </param>
            <param index="51">
              <value>
                <![CDATA[Mumbai, Maharashtra, India (BOM-Chhatrapati Shivaji Intl.)]]>
              </value>
            </param>
            <param index="52">
              <value>
                <![CDATA[23-Mar-2023]]>
              </value>
            </param>
            <param index="53">
              <value>
                <![CDATA[24-Mar-2023]]>
              </value>
            </param>
            <param index="54">
              <value>
                <![CDATA[78554432323]]>
              </value>
            </param>
            <param index="55">
              <value>
                <![CDATA[Ca]]>
              </value>
            </param>
            <param index="56">
              <value>
                <![CDATA[345678]]>
              </value>
            </param>
            <param index="57">
              <value>
                <![CDATA[Credit Card]]>
              </value>
            </param>
            <param index="58">
              <value>
                <![CDATA[Corporate]]>
              </value>
            </param>
            <param index="59">
              <value>
                <![CDATA[1]]>
              </value>
            </param>
            <param index="60">
              <value>
                <![CDATA[Amazon]]>
              </value>
            </param>
            <param index="61">
              <value>
                <![CDATA[Visa]]>
              </value>
            </param>
            <param index="62">
              <value>
                <![CDATA[123]]>
              </value>
            </param>
            <param index="63">
              <value>
                <![CDATA[Addtocart]]>
              </value>
            </param>
            <param index="64">
              <value>
                <![CDATA[Test]]>
              </value>
            </param>
            <param index="65">
              <value>
                <![CDATA[NotApplied]]>
              </value>
            </param>
            <param index="66">
              <value>
                <![CDATA[1]]>
              </value>
            </param>
            <param index="67">
              <value>
                <![CDATA[Airline For flight]]>
              </value>
            </param>
            <param index="68">
              <value>
                <![CDATA[Fullfillment]]>
              </value>
            </param>
            <param index="69">
              <value>
                <![CDATA[No]]>
              </value>
            </param>
            <param index="70">
              <value>
                <![CDATA[21B,9E,6E,12E]]>
              </value>
            </param>
            <param index="71">
              <value>
                <![CDATA[6A,25B,2E,12E]]>
              </value>
            </param>
            <param index="72">
              <value>
                <![CDATA[IN Policy all ]]>
              </value>
            </param>
            <param index="73">
              <value>
                <![CDATA[Shubham Natkar]]>
              </value>
            </param>
          </params>
          <exception class="org.openqa.selenium.NoSuchElementException">
            <message>
              <![CDATA[no such element: Unable to locate element: {"method":"xpath","selector":"(//a[contains(@id,'flght-itnry-link')])[1]"}
  (Session info: chrome=120.0.6099.130)
For documentation on this error, please visit: https://selenium.dev/exceptions/#no_such_element
Build info: version: '4.1.4', revision: '535d840ee2'
System info: host: 'SHUBHAM', ip: '192.168.111.145', os.name: 'Windows 10', os.arch: 'amd64', os.version: '10.0', java.version: '17.0.1'
Driver info: org.openqa.selenium.chrome.ChromeDriver
Command: [8f3b4864a9bcb2b97dc075f9886d6a97, findElement {using=xpath, value=(//a[contains(@id,'flght-itnry-link')])[1]}]
Capabilities {acceptInsecureCerts: false, browserName: chrome, browserVersion: 120.0.6099.130, chrome: {chromedriverVersion: 119.0.6045.105 (38c72552c5e..., userDataDir: C:\Users\SHUBHA~1.NAT\AppDa...}, fedcm:accounts: true, goog:chromeOptions: {debuggerAddress: localhost:55527}, javascriptEnabled: true, networkConnectionEnabled: false, pageLoadStrategy: normal, platform: WINDOWS, platformName: WINDOWS, proxy: Proxy(), se:cdp: ws://localhost:55527/devtoo..., se:cdpVersion: 120.0.6099.130, setWindowRect: true, strictFileInteractability: false, timeouts: {implicit: 0, pageLoad: 300000, script: 30000}, unhandledPromptBehavior: dismiss and notify, webauthn:extension:credBlob: true, webauthn:extension:largeBlob: true, webauthn:extension:minPinLength: true, webauthn:extension:prf: true, webauthn:virtualAuthenticators: true}
Session ID: 8f3b4864a9bcb2b97dc075f9886d6a97]]>
            </message>
            <full-stacktrace>
              <![CDATA[org.openqa.selenium.NoSuchElementException: no such element: Unable to locate element: {"method":"xpath","selector":"(//a[contains(@id,'flght-itnry-link')])[1]"}
  (Session info: chrome=120.0.6099.130)
For documentation on this error, please visit: https://selenium.dev/exceptions/#no_such_element
Build info: version: '4.1.4', revision: '535d840ee2'
System info: host: 'SHUBHAM', ip: '192.168.111.145', os.name: 'Windows 10', os.arch: 'amd64', os.version: '10.0', java.version: '17.0.1'
Driver info: org.openqa.selenium.chrome.ChromeDriver
Command: [8f3b4864a9bcb2b97dc075f9886d6a97, findElement {using=xpath, value=(//a[contains(@id,'flght-itnry-link')])[1]}]
Capabilities {acceptInsecureCerts: false, browserName: chrome, browserVersion: 120.0.6099.130, chrome: {chromedriverVersion: 119.0.6045.105 (38c72552c5e..., userDataDir: C:\Users\SHUBHA~1.NAT\AppDa...}, fedcm:accounts: true, goog:chromeOptions: {debuggerAddress: localhost:55527}, javascriptEnabled: true, networkConnectionEnabled: false, pageLoadStrategy: normal, platform: WINDOWS, platformName: WINDOWS, proxy: Proxy(), se:cdp: ws://localhost:55527/devtoo..., se:cdpVersion: 120.0.6099.130, setWindowRect: true, strictFileInteractability: false, timeouts: {implicit: 0, pageLoad: 300000, script: 30000}, unhandledPromptBehavior: dismiss and notify, webauthn:extension:credBlob: true, webauthn:extension:largeBlob: true, webauthn:extension:minPinLength: true, webauthn:extension:prf: true, webauthn:virtualAuthenticators: true}
Session ID: 8f3b4864a9bcb2b97dc075f9886d6a97
at java.base/jdk.internal.reflect.NativeConstructorAccessorImpl.newInstance0(Native Method)
at java.base/jdk.internal.reflect.NativeConstructorAccessorImpl.newInstance(NativeConstructorAccessorImpl.java:77)
at java.base/jdk.internal.reflect.DelegatingConstructorAccessorImpl.newInstance(DelegatingConstructorAccessorImpl.java:45)
at java.base/java.lang.reflect.Constructor.newInstanceWithCaller(Constructor.java:499)
at java.base/java.lang.reflect.Constructor.newInstance(Constructor.java:480)
at org.openqa.selenium.remote.codec.w3c.W3CHttpResponseCodec.createException(W3CHttpResponseCodec.java:200)
at org.openqa.selenium.remote.codec.w3c.W3CHttpResponseCodec.decode(W3CHttpResponseCodec.java:133)
at org.openqa.selenium.remote.codec.w3c.W3CHttpResponseCodec.decode(W3CHttpResponseCodec.java:53)
at org.openqa.selenium.remote.HttpCommandExecutor.execute(HttpCommandExecutor.java:184)
at org.openqa.selenium.remote.service.DriverCommandExecutor.invokeExecute(DriverCommandExecutor.java:167)
at org.openqa.selenium.remote.service.DriverCommandExecutor.execute(DriverCommandExecutor.java:142)
at org.openqa.selenium.remote.RemoteWebDriver.execute(RemoteWebDriver.java:567)
at org.openqa.selenium.remote.ElementLocation$ElementFinder$2.findElement(ElementLocation.java:162)
at org.openqa.selenium.remote.ElementLocation.findElement(ElementLocation.java:60)
at org.openqa.selenium.remote.RemoteWebDriver.findElement(RemoteWebDriver.java:385)
at org.openqa.selenium.remote.RemoteWebDriver.findElement(RemoteWebDriver.java:377)
at utilities.QaRobot.getLocator(QaRobot.java:71)
at utilities.QaRobot.getWebElement(QaRobot.java:153)
at utilities.QaRobot.ClickOnElement(QaRobot.java:175)
at testFlightHotel.FlightBooking.flightBooking(FlightBooking.java:968)
at java.base/jdk.internal.reflect.NativeMethodAccessorImpl.invoke0(Native Method)
at java.base/jdk.internal.reflect.NativeMethodAccessorImpl.invoke(NativeMethodAccessorImpl.java:77)
at java.base/jdk.internal.reflect.DelegatingMethodAccessorImpl.invoke(DelegatingMethodAccessorImpl.java:43)
at java.base/java.lang.reflect.Method.invoke(Method.java:568)
at org.testng.internal.MethodInvocationHelper.invokeMethod(MethodInvocationHelper.java:133)
at org.testng.internal.TestInvoker.invokeMethod(TestInvoker.java:598)
at org.testng.internal.TestInvoker.invokeTestMethod(TestInvoker.java:173)
at org.testng.internal.MethodRunner.runInSequence(MethodRunner.java:46)
at org.testng.internal.TestInvoker$MethodInvocationAgent.invoke(TestInvoker.java:824)
at org.testng.internal.TestInvoker.invokeTestMethods(TestInvoker.java:146)
at org.testng.internal.TestMethodWorker.invokeTestMethods(TestMethodWorker.java:146)
at org.testng.internal.TestMethodWorker.run(TestMethodWorker.java:128)
at java.base/java.util.ArrayList.forEach(ArrayList.java:1511)
at org.testng.TestRunner.privateRun(TestRunner.java:794)
at org.testng.TestRunner.run(TestRunner.java:596)
at org.testng.SuiteRunner.runTest(SuiteRunner.java:377)
at org.testng.SuiteRunner.runSequentially(SuiteRunner.java:371)
at org.testng.SuiteRunner.privateRun(SuiteRunner.java:332)
at org.testng.SuiteRunner.run(SuiteRunner.java:276)
at org.testng.SuiteRunnerWorker.runSuite(SuiteRunnerWorker.java:53)
at org.testng.SuiteRunnerWorker.run(SuiteRunnerWorker.java:96)
at org.testng.TestNG.runSuitesSequentially(TestNG.java:1212)
at org.testng.TestNG.runSuitesLocally(TestNG.java:1134)
at org.testng.TestNG.runSuites(TestNG.java:1063)
at org.testng.TestNG.run(TestNG.java:1031)
at org.testng.remote.AbstractRemoteTestNG.run(AbstractRemoteTestNG.java:115)
at org.testng.remote.RemoteTestNG.initAndRun(RemoteTestNG.java:251)
at org.testng.remote.RemoteTestNG.main(RemoteTestNG.java:77)
]]>
            </full-stacktrace>
          </exception> <!-- org.openqa.selenium.NoSuchElementException -->
          <reporter-output>
          </reporter-output>
        </test-method> <!-- flightBooking -->
        <test-method is-config="true" signature="After_Test()[pri:0, instance:testFlightHotel.FlightBooking@1b11171f]" started-at="2023-12-29T15:49:23 IST" name="After_Test" finished-at="2023-12-29T15:49:24 IST" duration-ms="330" status="PASS">
          <reporter-output>
          </reporter-output>
        </test-method> <!-- After_Test -->
      </class> <!-- testFlightHotel.FlightBooking -->
    </test> <!-- Test -->
  </suite> <!-- Suite -->
</testng-results>
